INFO	[2016-01-13 13:19:27:897] <19510> ===============================================================
INFO	[2016-01-13 13:19:27:897] <19510> START AgsPay40 php (OS:Linux4.1.13,PHP:5.5.17p1)
INFO	[2016-01-13 13:19:27:897] <19510> card Pay Start!
INFO	[2016-01-13 13:19:27:897] <19510> AgsPayHome:/home/hosting_users/godfortune/www/PG
INFO	[2016-01-13 13:19:27:897] <19510> StoreId:aegis
INFO	[2016-01-13 13:19:27:897] <19510> log:true
INFO	[2016-01-13 13:19:27:897] <19510> logLevel:INFO
INFO	[2016-01-13 13:19:27:897] <19510> UseNetCancel:true
INFO	[2016-01-13 13:19:27:897] <19510> Type:Pay
INFO	[2016-01-13 13:19:27:897] <19510> RecvLen:7
INFO	[2016-01-13 13:19:27:897] <19510> AuthTy:card
INFO	[2016-01-13 13:19:27:897] <19510> SubTy:visa3d
INFO	[2016-01-13 13:19:27:897] <19510> OrdNo:1000000001
INFO	[2016-01-13 13:19:27:897] <19510> Amt:1000
INFO	[2016-01-13 13:19:27:897] <19510> UserEmail:test@test.com
INFO	[2016-01-13 13:19:27:897] <19510> ProdNm:마우스
INFO	[2016-01-13 13:19:27:897] <19510> MallUrl:http://www.allthegate.com
INFO	[2016-01-13 13:19:27:897] <19510> UserId:test
INFO	[2016-01-13 13:19:27:897] <19510> OrdNm:홍길동
INFO	[2016-01-13 13:19:27:897] <19510> OrdPhone:02-111-1111
INFO	[2016-01-13 13:19:27:897] <19510> OrdAddr:서울시 강남구 청담동
INFO	[2016-01-13 13:19:27:897] <19510> RcpNm:김길동
INFO	[2016-01-13 13:19:27:897] <19510> RcpPhone:02-111-1111
INFO	[2016-01-13 13:19:27:897] <19510> DlvAddr:서울시 강남구 청담동
INFO	[2016-01-13 13:19:27:897] <19510> Remark:오후에 배송요망
INFO	[2016-01-13 13:19:27:897] <19510> DeviId:9000400001
INFO	[2016-01-13 13:19:27:897] <19510> AuthYn:N;123.140.248.19;N;;1000;;;;;
INFO	[2016-01-13 13:19:27:897] <19510> Instmt:00
INFO	[2016-01-13 13:19:27:897] <19510> UserIp:123.140.248.19
INFO	[2016-01-13 13:19:27:897] <19510> partial_mm:
INFO	[2016-01-13 13:19:27:897] <19510> noIntMonth:
INFO	[2016-01-13 13:19:27:898] <19510> KVP_CURRENCY:WON
INFO	[2016-01-13 13:19:27:898] <19510> KVP_CARDCODE:
INFO	[2016-01-13 13:19:27:898] <19510> KVP_SESSIONKEY:
INFO	[2016-01-13 13:19:27:898] <19510> KVP_ENCDATA:
INFO	[2016-01-13 13:19:27:898] <19510> KVP_CONAME:
INFO	[2016-01-13 13:19:27:898] <19510> KVP_NOINT:
INFO	[2016-01-13 13:19:27:898] <19510> KVP_QUOTA:
INFO	[2016-01-13 13:19:27:898] <19510> CardNo:4670085054997517
INFO	[2016-01-13 13:19:27:898] <19510> MPI_CAVV:AAABB5lDCCAWARNEgEMIAAABAEI=
INFO	[2016-01-13 13:19:27:898] <19510> MPI_ECI:05
INFO	[2016-01-13 13:19:27:898] <19510> MPI_MD64:MTIwODYxNDEyMjIwMTYwMTEzMTM=
INFO	[2016-01-13 13:19:27:898] <19510> ExpMon:12
INFO	[2016-01-13 13:19:27:898] <19510> ExpYear:2049
INFO	[2016-01-13 13:19:27:898] <19510> Passwd:
INFO	[2016-01-13 13:19:27:898] <19510> SocId:
INFO	[2016-01-13 13:19:27:898] <19510> ICHE_OUTBANKNAME:
INFO	[2016-01-13 13:19:27:898] <19510> ICHE_OUTACCTNO:
INFO	[2016-01-13 13:19:27:898] <19510> ICHE_OUTBANKMASTER:
INFO	[2016-01-13 13:19:27:898] <19510> ICHE_AMOUNT:
INFO	[2016-01-13 13:19:27:898] <19510> HP_SERVERINFO:
INFO	[2016-01-13 13:19:27:898] <19510> HP_HANDPHONE:
INFO	[2016-01-13 13:19:27:898] <19510> HP_COMPANY:
INFO	[2016-01-13 13:19:27:898] <19510> HP_ID:
INFO	[2016-01-13 13:19:27:898] <19510> HP_SUBID:
INFO	[2016-01-13 13:19:27:898] <19510> HP_UNITType:1
INFO	[2016-01-13 13:19:27:898] <19510> HP_IDEN:
INFO	[2016-01-13 13:19:27:898] <19510> HP_IPADDR:
INFO	[2016-01-13 13:19:27:898] <19510> ARS_NAME:
INFO	[2016-01-13 13:19:27:898] <19510> ARS_PHONE:
INFO	[2016-01-13 13:19:27:898] <19510> VIRTUAL_CENTERCD:99
INFO	[2016-01-13 13:19:27:898] <19510> VIRTUAL_DEPODT:
INFO	[2016-01-13 13:19:27:898] <19510> ZuminCode:
INFO	[2016-01-13 13:19:27:898] <19510> MallPage:/mall/AGS_VirAcctResult.php
INFO	[2016-01-13 13:19:27:898] <19510> VIRTUAL_NO:
INFO	[2016-01-13 13:19:27:898] <19510> ES_SENDNO:
INFO	[2016-01-13 13:19:27:898] <19510> ICHE_SOCKETYN:Y
INFO	[2016-01-13 13:19:27:898] <19510> ICHE_POSMTID:
INFO	[2016-01-13 13:19:27:898] <19510> ICHE_FNBCMTID:
INFO	[2016-01-13 13:19:27:898] <19510> ICHE_APTRTS:
INFO	[2016-01-13 13:19:27:898] <19510> ICHE_REMARK1:
INFO	[2016-01-13 13:19:27:898] <19510> ICHE_REMARK2:
INFO	[2016-01-13 13:19:27:898] <19510> ICHE_ECWYN:
INFO	[2016-01-13 13:19:27:898] <19510> ICHE_ECWID:
INFO	[2016-01-13 13:19:27:898] <19510> ICHE_ECWAMT1:
INFO	[2016-01-13 13:19:27:898] <19510> ICHE_ECWAMT2:
INFO	[2016-01-13 13:19:27:898] <19510> ICHE_CASHYN:N
INFO	[2016-01-13 13:19:27:898] <19510> ICHE_CASHGUBUN_CD:
INFO	[2016-01-13 13:19:27:898] <19510> ICHE_CASHID_NO:
INFO	[2016-01-13 13:19:27:898] <19510> ICHEARS_SOCKETYN:Y
INFO	[2016-01-13 13:19:27:898] <19510> ICHEARS_ADMNO:
INFO	[2016-01-13 13:19:27:898] <19510> ICHEARS_POSMTID:
INFO	[2016-01-13 13:19:27:898] <19510> ICHEARS_CENTERCD:
INFO	[2016-01-13 13:19:27:898] <19510> ICHEARS_HPNO:
INFO	[2016-01-13 13:19:27:898] <19510> Make NetCancel ID Start
INFO	[2016-01-13 13:19:27:898] <19510> AEGIS_VISAaegis_20160113131927898404
INFO	[2016-01-13 13:19:27:898] <19510> Make NetCancel ID End
INFO	[2016-01-13 13:19:27:898] <19510> Make NetCancelID OK
INFO	[2016-01-13 13:19:27:898] <19510> Make Msg Start
INFO	[2016-01-13 13:19:27:898] <19510> Encrypt Start
INFO	[2016-01-13 13:19:27:898] <19510> Encrypt End
INFO	[2016-01-13 13:19:27:898] <19510> Encrypt Start
INFO	[2016-01-13 13:19:27:898] <19510> Encrypt End
INFO	[2016-01-13 13:19:27:898] <19510> Encrypt Start
INFO	[2016-01-13 13:19:27:898] <19510> Encrypt End
INFO	[2016-01-13 13:19:27:898] <19510> Encrypt Start
INFO	[2016-01-13 13:19:27:898] <19510> Encrypt End
INFO	[2016-01-13 13:19:27:898] <19510> card-visa3d Make MSG OK 
INFO	[2016-01-13 13:19:27:898] <19510> Make Msg End
INFO	[2016-01-13 13:19:27:898] <19510> Make Pay Msg OK
INFO	[2016-01-13 13:19:27:898] <19510> Send & Recv Msg Start
INFO	[2016-01-13 13:19:27:898] <19510> Send Data To PG Start [ 
INFO	[2016-01-13 13:19:27:898] <19510> 0:0003280plug15
INFO	[2016-01-13 13:19:27:898] <19510> 1:aegis
INFO	[2016-01-13 13:19:27:898] <19510> 2:test
INFO	[2016-01-13 13:19:27:898] <19510> 3:1000
INFO	[2016-01-13 13:19:27:898] <19510> 4:1000000001
INFO	[2016-01-13 13:19:27:898] <19510> 5:9000400001
INFO	[2016-01-13 13:19:27:898] <19510> 6:7898746468874849
INFO	[2016-01-13 13:19:27:898] <19510> 7:283587
INFO	[2016-01-13 13:19:27:898] <19510> 8:00
INFO	[2016-01-13 13:19:27:898] <19510> 9:N;123.140.248.19;N;;1000;;;;;
INFO	[2016-01-13 13:19:27:898] <19510> 10:
INFO	[2016-01-13 13:19:27:898] <19510> 11:
INFO	[2016-01-13 13:19:27:898] <19510> 12:김길동
INFO	[2016-01-13 13:19:27:898] <19510> 13:02-111-1111
INFO	[2016-01-13 13:19:27:898] <19510> 14:서울시 강남구 청담동
INFO	[2016-01-13 13:19:27:898] <19510> 15:홍길동
INFO	[2016-01-13 13:19:27:898] <19510> 16:123.140.248.19;02-111-1111
INFO	[2016-01-13 13:19:27:898] <19510> 17:test@test.com;오후에 배송요망
INFO	[2016-01-13 13:19:27:898] <19510> 18:마우스
INFO	[2016-01-13 13:19:27:898] <19510> 19:AAABB5lDCCAWARNEgEMIAAABAEI=
INFO	[2016-01-13 13:19:27:898] <19510> 20:MTIwODYxNDEyMjIwMTYwMTEzMTM=
INFO	[2016-01-13 13:19:27:898] <19510> 21:05
INFO	[2016-01-13 13:19:27:898] <19510> 22:test@test.com
INFO	[2016-01-13 13:19:27:898] <19510> 23:AEGIS_VISAaegis_20160113131927898404
INFO	[2016-01-13 13:19:27:898] <19510> 24:
INFO	[2016-01-13 13:19:27:898] <19510> ] Send Data To PG End 
INFO	[2016-01-13 13:19:27:898] <19510> SendMsg : [0003280plug15|aegis|test|1000|1000000001|9000400001|7898746468874849|283587|00|N;123.140.248.19;N;;1000;;;;;|||김길동|02-111-1111|서울시 강남구 청담동|홍길동|123.140.248.19;02-111-1111|test@test.com;오후에 배송요망|마우스|AAABB5lDCCAWARNEgEMIAAABAEI=|MTIwODYxNDEyMjIwMTYwMTEzMTM=|05|test@test.com|AEGIS_VISAaegis_20160113131927898404|]
INFO	[2016-01-13 13:19:27:898] <19510> Connect IP:[220.85.12.3] Port:[29760]
INFO	[2016-01-13 13:19:27:919] <19510> Socket Open OK
INFO	[2016-01-13 13:19:28:65] <19510> RecvMsg Length : [000109]
INFO	[2016-01-13 13:19:28:66] <19510> RecvMsg : [aegis|0610|1000000001|10144416|000000001000|y|정상승인|롯데|20160113131928|0900|9157057001|0900|롯데|516924|
]
INFO	[2016-01-13 13:19:28:66] <19510> Socket Close OK
INFO	[2016-01-13 13:19:28:66] <19510> RecvMsg Length Check OK
INFO	[2016-01-13 13:19:28:66] <19510> Send & Recv Msg End
INFO	[2016-01-13 13:19:28:66] <19510> Send & Recv Msg OK
INFO	[2016-01-13 13:19:28:66] <19510> Parse Msg Start
INFO	[2016-01-13 13:19:28:66] <19510> card-visa3d RECV MSG Parsing OK 
INFO	[2016-01-13 13:19:28:66] <19510> Parse Msg End
INFO	[2016-01-13 13:19:28:66] <19510> Msg Parsing OK
INFO	[2016-01-13 13:19:28:66] <19510> card Pay Result Value [
INFO	[2016-01-13 13:19:28:66] <19510> NetCancID:AEGIS_VISAaegis_20160113131927898404
INFO	[2016-01-13 13:19:28:66] <19510> rStoreId:aegis
INFO	[2016-01-13 13:19:28:66] <19510> rBusiCd:0610
INFO	[2016-01-13 13:19:28:66] <19510> rOrdNo:1000000001
INFO	[2016-01-13 13:19:28:66] <19510> rApprNo:10144416
INFO	[2016-01-13 13:19:28:66] <19510> rInstmt:00
INFO	[2016-01-13 13:19:28:66] <19510> rAmt:000000001000
INFO	[2016-01-13 13:19:28:66] <19510> rSuccYn:y
INFO	[2016-01-13 13:19:28:66] <19510> rResMsg:정상승인
INFO	[2016-01-13 13:19:28:66] <19510> rCardNm:롯데
INFO	[2016-01-13 13:19:28:66] <19510> rApprTm:20160113131928
INFO	[2016-01-13 13:19:28:66] <19510> rCardCd:0900
INFO	[2016-01-13 13:19:28:66] <19510> rMembNo:9157057001
INFO	[2016-01-13 13:19:28:66] <19510> rAquiCd:0900
INFO	[2016-01-13 13:19:28:66] <19510> rAquiNm:롯데
INFO	[2016-01-13 13:19:28:66] <19510> rDealNo:516924
INFO	[2016-01-13 13:19:28:66] <19510> rProdNm:마우스
INFO	[2016-01-13 13:19:28:66] <19510> ]
INFO	[2016-01-13 13:19:28:66] <19510> END  정상승인 Transaction time:[0.17sec]
INFO	[2016-01-13 13:19:28:66] <19510> ===============================================================
